<?xml version="1.0" encoding="UTF-8"?>
<testsuite name="test.TestFightMap" tests="5" skipped="0" failures="1" errors="0" timestamp="2022-05-22T19:07:27" hostname="DESKTOP-CS80Q53" time="0.573">
  <properties/>
  <testcase name="generationTest" classname="test.TestFightMap" time="0.015">
    <failure message="java.lang.AssertionError" type="java.lang.AssertionError">java.lang.AssertionError
	at org.junit.Assert.fail(Assert.java:86)
	at org.junit.Assert.assertTrue(Assert.java:41)
	at org.junit.Assert.assertFalse(Assert.java:64)
	at org.junit.Assert.assertFalse(Assert.java:74)
	at test.TestFightMap.generationTest(TestFightMap.java:131)
	at java.base/jdk.internal.reflect.DirectMethodHandleAccessor.invoke(DirectMethodHandleAccessor.java:104)
	at java.base/java.lang.reflect.Method.invoke(Method.java:577)
	at org.junit.runners.model.FrameworkMethod$1.runReflectiveCall(FrameworkMethod.java:50)
	at org.junit.internal.runners.model.ReflectiveCallable.run(ReflectiveCallable.java:12)
	at org.junit.runners.model.FrameworkMethod.invokeExplosively(FrameworkMethod.java:47)
	at org.junit.internal.runners.statements.InvokeMethod.evaluate(InvokeMethod.java:17)
	at org.junit.internal.runners.statements.RunBefores.evaluate(RunBefores.java:26)
	at org.junit.runners.ParentRunner.runLeaf(ParentRunner.java:325)
	at org.junit.runners.BlockJUnit4ClassRunner.runChild(BlockJUnit4ClassRunner.java:78)
	at org.junit.runners.BlockJUnit4ClassRunner.runChild(BlockJUnit4ClassRunner.java:57)
	at org.junit.runners.ParentRunner$3.run(ParentRunner.java:290)
	at org.junit.runners.ParentRunner$1.schedule(ParentRunner.java:71)
	at org.junit.runners.ParentRunner.runChildren(ParentRunner.java:288)
	at org.junit.runners.ParentRunner.access$000(ParentRunner.java:58)
	at org.junit.runners.ParentRunner$2.evaluate(ParentRunner.java:268)
	at org.junit.runners.ParentRunner.run(ParentRunner.java:363)
	at org.gradle.api.internal.tasks.testing.junit.JUnitTestClassExecutor.runTestClass(JUnitTestClassExecutor.java:110)
	at org.gradle.api.internal.tasks.testing.junit.JUnitTestClassExecutor.execute(JUnitTestClassExecutor.java:58)
	at org.gradle.api.internal.tasks.testing.junit.JUnitTestClassExecutor.execute(JUnitTestClassExecutor.java:38)
	at org.gradle.api.internal.tasks.testing.junit.AbstractJUnitTestClassProcessor.processTestClass(AbstractJUnitTestClassProcessor.java:62)
	at org.gradle.api.internal.tasks.testing.SuiteTestClassProcessor.processTestClass(SuiteTestClassProcessor.java:51)
	at java.base/jdk.internal.reflect.DirectMethodHandleAccessor.invoke(DirectMethodHandleAccessor.java:104)
	at java.base/java.lang.reflect.Method.invoke(Method.java:577)
	at org.gradle.internal.dispatch.ReflectionDispatch.dispatch(ReflectionDispatch.java:36)
	at org.gradle.internal.dispatch.ReflectionDispatch.dispatch(ReflectionDispatch.java:24)
	at org.gradle.internal.dispatch.ContextClassLoaderDispatch.dispatch(ContextClassLoaderDispatch.java:33)
	at org.gradle.internal.dispatch.ProxyDispatchAdapter$DispatchingInvocationHandler.invoke(ProxyDispatchAdapter.java:94)
	at jdk.proxy1/jdk.proxy1.$Proxy2.processTestClass(Unknown Source)
	at org.gradle.api.internal.tasks.testing.worker.TestWorker.processTestClass(TestWorker.java:121)
	at java.base/jdk.internal.reflect.DirectMethodHandleAccessor.invoke(DirectMethodHandleAccessor.java:104)
	at java.base/java.lang.reflect.Method.invoke(Method.java:577)
	at org.gradle.internal.dispatch.ReflectionDispatch.dispatch(ReflectionDispatch.java:36)
	at org.gradle.internal.dispatch.ReflectionDispatch.dispatch(ReflectionDispatch.java:24)
	at org.gradle.internal.remote.internal.hub.MessageHubBackedObjectConnection$DispatchWrapper.dispatch(MessageHubBackedObjectConnection.java:182)
	at org.gradle.internal.remote.internal.hub.MessageHubBackedObjectConnection$DispatchWrapper.dispatch(MessageHubBackedObjectConnection.java:164)
	at org.gradle.internal.remote.internal.hub.MessageHub$Handler.run(MessageHub.java:414)
	at org.gradle.internal.concurrent.ExecutorPolicy$CatchAndRecordFailures.onExecute(ExecutorPolicy.java:64)
	at org.gradle.internal.concurrent.ManagedExecutorImpl$1.run(ManagedExecutorImpl.java:48)
	at java.base/java.util.concurrent.ThreadPoolExecutor.runWorker(ThreadPoolExecutor.java:1136)
	at java.base/java.util.concurrent.ThreadPoolExecutor$Worker.run(ThreadPoolExecutor.java:635)
	at org.gradle.internal.concurrent.ThreadFactoryImpl$ManagedThreadRunnable.run(ThreadFactoryImpl.java:56)
	at java.base/java.lang.Thread.run(Thread.java:833)
</failure>
  </testcase>
  <testcase name="astar2Test" classname="test.TestFightMap" time="0.178"/>
  <testcase name="getDistanceTest" classname="test.TestFightMap" time="0.009"/>
  <testcase name="pathAwayFromLineTest" classname="test.TestFightMap" time="0.013"/>
  <testcase name="astarTest" classname="test.TestFightMap" time="0.355"/>
  <system-out><![CDATA[28
5
18
8
0
0
25
0
5
11
11
0
14
4
12
28
7
24
18
0
0
8
27
24
5
0
12
0
10
9
22
27
14
5
19
32
0
14
16
31
0
18
10
28
11
10
0
17
0
0
14
0
6
20
18
8
16
24
7
12
19
19
32
37
0
16
8
0
29
9
9
0
2
19
0
9
0
20
31
19
4
22
0
7
0
26
0
10
32
7
13
10
22
12
24
25
0
0
20
0
0
29
21
15
0
31
10
0
0
0
20
7
24
16
12
14
26
9
0
28
27
25
25
11
18
14
0
0
0
0
0
28
27
0
15
28
0
16
19
25
28
0
19
0
12
0
14
0
16
30
2
23
22
13
29
10
18
7
27
0
0
6
16
6
15
19
28
0
2
30
16
27
0
6
26
0
18
22
0
19
17
29
33
16
14
0
0
12
19
0
9
22
0
20
0
20
8
20
10
23
0
28
27
10
12
0
18
10
20
35
0
6
26
11
29
8
27
11
20
20
4
17
6
6
0
24
15
0
11
22
33
33
26
10
14
0
6
27
0
10
0
30
13
17
4
0
19
33
0
0
15
28
24
15
30
22
0
0
0
21
0
2
23
22
0
20
13
11
30
16
25
11
0
0
16
13
3
23
0
14
3
14
30
34
8
0
0
30
0
31
0
19
0
11
14
18
0
15
0
0
30
28
19
18
14
12
29
5
26
25
0
29
18
4
26
20
0
5
22
0
0
20
17
13
28
0
21
16
21
20
18
17
0
22
17
24
22
4
0
20
0
21
0
0
0
23
7
10
21
16
23
33
12
0
5
19
16
17
15
25
20
9
0
9
0
20
19
6
0
16
0
24
2
0
0
24
11
7
26
18
6
4
0
10
28
0
19
0
21
17
24
15
28
27
22
20
25
22
20
12
0
27
12
13
17
7
0
26
15
0
31
0
14
0
27
6
0
17
12
0
14
13
0
33
19
13
0
0
0
24
9
0
0
6
0
19
34
0
17
9
17
8
26
12
6
26
15
21
23
17
0
21
8
27
15
26
6
19
0
18
0
22
21
12
9
24
14
24
13
28
24
12
20
13
17
21
30
6
11
26
29
0
9
10
32
24
24
22
27
8
0
24
14
22
25
25
20
8
17
14
7
7
0
8
6
0
19
12
25
0
28
6
0
0
18
14
23
10
0
0
16
15
16
0
24
0
12
14
27
0
0
20
23
0
26
10
0
0
32
13
9
5
23
7
31
30
19
0
0
30
30
2
17
0
21
13
21
0
0
22
0
1
0
18
11
25
17
19
14
15
32
5
10
14
3
0
7
0
19
20
10
32
23
12
22
10
4
18
0
20
23
14
0
13
26
21
0
23
0
19
5
22
0
21
0
4
0
27
32
17
5
0
0
27
35
31
30
5
27
0
0
30
0
5
20
16
12
0
10
13
0
12
33
27
11
0
7
20
0
3
17
28
14
2
17
20
18
19
16
16
15
10
24
0
26
0
20
29
0
0
0
26
16
29
15
29
0
12
0
0
19
18
5
0
8
14
20
7
24
8
28
18
0
30
2
5
5
10
30
2
16
17
0
16
16
9
0
12
21
14
13
0
0
27
12
29
0
17
9
3
19
24
11
32
21
0
26
13
0
18
0
21
14
27
21
31
0
28
14
31
31
14
13
11
30
28
21
16
28
15
30
7
13
7
0
22
11
11
30
5
28
0
24
13
16
0
15
9
26
12
11
15
0
21
19
8
0
18
9
15
0
28
25
0
17
1
27
7
13
2
7
6
13
0
0
6
9
0
28
0
26
27
0
0
20
0
24
16
7
24
22
31
7
24
30
27
16
27
0
21
0
0
0
0
25
8
8
16
0
0
12
30
0
14
32
0
0
27
28
17
6
26
19
0
21
19
4
17
21
0
0
10
18
0
0
14
14
22
28
9
0
23
0
0
18
15
28
0
11
15
0
0
0
0
19
9
19
19
0
0
12
6
8
26
11
0
22
0
22
0
0
0
27
4
17
26
26
14
15
16
0
11
19
0
25
5
26
25
21
8
28
0
31
19
4
15
24
0
0
19
7
27
19
25
20
24
27
0
3
23
31
0
25
15
18
18
0
3
19
10
19
0
10
0
11
23
11
0
7
12
25
19
29
11
0
18
21
20
7
0
23
24
0
2
7
22
0
0
0
18
16
0
30
25
16
0
28
19
9
0
22
13
0
23
0
14
11
0
22
0
24
15
5
25
27
19
0
29
0
18
20
31
30
29
5
0
9
21
16
14
astar time : 166 ms
]]></system-out>
  <system-err><![CDATA[]]></system-err>
</testsuite>
